This file contains any messages produced by compilers while
running configure, to aid debugging if configure makes a mistake.

It was created by configure, which was
generated by GNU Autoconf 2.61.  Invocation command line was

  $ ./configure --disable-shared --enable-static --with-pcap=bpf --enable-ipv6 --host arm-apple-darwin --prefix=/prog/libpcapForiOS/build/built/iPhoneOS7.1-arm64.sdk CC=/Applications/Xcode.app/Contents/Developer/usr/bin/gcc

## --------- ##
## Platform. ##
## --------- ##

hostname = decashui-Mac.local
uname -m = x86_64
uname -r = 12.4.0
uname -s = Darwin
uname -v = Darwin Kernel Version 12.4.0: Wed May  1 17:57:12 PDT 2013; root:xnu-2050.24.15~1/RELEASE_X86_64

/usr/bin/uname -p = i386
/bin/uname -X     = unknown

/bin/arch              = unknown
/usr/bin/arch -k       = unknown
/usr/convex/getsysinfo = unknown
/usr/bin/hostinfo      = Mach kernel version:
	 Darwin Kernel Version 12.4.0: Wed May  1 17:57:12 PDT 2013; root:xnu-2050.24.15~1/RELEASE_X86_64
Kernel configured for up to 4 processors.
4 processors are physically available.
4 processors are logically available.
Processor type: i486 (Intel 80486)
Processors active: 0 1 2 3
Primary memory available: 4.50 gigabytes
Default processor set: 106 tasks, 441 threads, 4 processors
Load average: 6.11, Mach factor: 0.65
/bin/machine           = unknown
/usr/bin/oslevel       = unknown
/bin/universe          = unknown

PATH: /usr/bin
PATH: /bin
PATH: /usr/sbin
PATH: /sbin
PATH: /usr/local/bin
PATH: /Library/Java/JavaVirtualMachines/jdk1.7.0_71.jdk/Contents/Home
PATH: /usr/local/git/bin
PATH: /Library/NDK/android-ndk-r10d/platforms/android-21
PATH: /Library/NDK/android-ndk-r10d


## ----------- ##
## Core tests. ##
## ----------- ##

configure:1804: checking build system type
configure:1822: result: x86_64-apple-darwin12.4.0
configure:1844: checking host system type
configure:1859: result: arm-apple-darwin
configure:1881: checking target system type
configure:1896: result: arm-apple-darwin
configure:2006: checking for arm-apple-darwin-gcc
configure:2033: result: /Applications/Xcode.app/Contents/Developer/usr/bin/gcc
configure:2311: checking for C compiler version
configure:2318: /Applications/Xcode.app/Contents/Developer/usr/bin/gcc --version >&5
Configured with: --prefix=/Applications/Xcode.app/Contents/Developer/usr --with-gxx-include-dir=/usr/include/c++/4.2.1
Apple LLVM version 5.1 (clang-503.0.38) (based on LLVM 3.4svn)
Target: x86_64-apple-darwin12.4.0
Thread model: posix
configure:2321: $? = 0
configure:2328: /Applications/Xcode.app/Contents/Developer/usr/bin/gcc -v >&5
Configured with: --prefix=/Applications/Xcode.app/Contents/Developer/usr --with-gxx-include-dir=/usr/include/c++/4.2.1
Apple LLVM version 5.1 (clang-503.0.38) (based on LLVM 3.4svn)
Target: x86_64-apple-darwin12.4.0
Thread model: posix
configure:2331: $? = 0
configure:2338: /Applications/Xcode.app/Contents/Developer/usr/bin/gcc -V >&5
clang: error: argument to '-V' is missing (expected 1 value)
clang: error: no input files
configure:2341: $? = 1
configure:2364: checking for C compiler default output file name
configure:2391: /Applications/Xcode.app/Contents/Developer/usr/bin/gcc    conftest.c  >&5
configure:2394: $? = 0
configure:2432: result: a.out
configure:2449: checking whether the C compiler works
configure:2459: ./a.out
configure:2462: $? = 0
configure:2479: result: yes
configure:2486: checking whether we are cross compiling
configure:2488: result: no
configure:2491: checking for suffix of executables
configure:2498: /Applications/Xcode.app/Contents/Developer/usr/bin/gcc -o conftest    conftest.c  >&5
configure:2501: $? = 0
configure:2525: result: 
configure:2531: checking for suffix of object files
configure:2557: /Applications/Xcode.app/Contents/Developer/usr/bin/gcc -c   conftest.c >&5
configure:2560: $? = 0
configure:2583: result: o
configure:2587: checking whether we are using the GNU C compiler
configure:2616: /Applications/Xcode.app/Contents/Developer/usr/bin/gcc -c   conftest.c >&5
configure:2622: $? = 0
configure:2639: result: yes
configure:2644: checking whether /Applications/Xcode.app/Contents/Developer/usr/bin/gcc accepts -g
configure:2674: /Applications/Xcode.app/Contents/Developer/usr/bin/gcc -c -g  conftest.c >&5
configure:2680: $? = 0
configure:2779: result: yes
configure:2796: checking for /Applications/Xcode.app/Contents/Developer/usr/bin/gcc option to accept ISO C89
configure:2870: /Applications/Xcode.app/Contents/Developer/usr/bin/gcc  -c -g -O2  conftest.c >&5
configure:2876: $? = 0
configure:2899: result: none needed
configure:2926: checking gcc version
configure:2938: result: 
configure:3362: checking for inline
configure:3408: /Applications/Xcode.app/Contents/Developer/usr/bin/gcc -c -O  conftest.c >&5
configure:3414: $? = 0
configure:3439: result: inline
configure:3451: checking for __attribute__
configure:3487: /Applications/Xcode.app/Contents/Developer/usr/bin/gcc -c -g -O2  conftest.c >&5
configure:3493: $? = 0
configure:3519: result: yes
configure:3528: checking how to run the C preprocessor
configure:3568: /Applications/Xcode.app/Contents/Developer/usr/bin/gcc -E  conftest.c
configure:3574: $? = 0
configure:3605: /Applications/Xcode.app/Contents/Developer/usr/bin/gcc -E  conftest.c
conftest.c:10:10: fatal error: 'ac_nonexistent.h' file not found
#include <ac_nonexistent.h>
         ^
1 error generated.
configure:3611: $? = 1
configure: failed program was:
| /* confdefs.h.  */
| #define PACKAGE_NAME ""
| #define PACKAGE_TARNAME ""
| #define PACKAGE_VERSION ""
| #define PACKAGE_STRING ""
| #define PACKAGE_BUGREPORT ""
| #define inline inline
| #define HAVE___ATTRIBUTE__ 1
| /* end confdefs.h.  */
| #include <ac_nonexistent.h>
configure:3644: result: /Applications/Xcode.app/Contents/Developer/usr/bin/gcc -E
configure:3673: /Applications/Xcode.app/Contents/Developer/usr/bin/gcc -E  conftest.c
configure:3679: $? = 0
configure:3710: /Applications/Xcode.app/Contents/Developer/usr/bin/gcc -E  conftest.c
conftest.c:10:10: fatal error: 'ac_nonexistent.h' file not found
#include <ac_nonexistent.h>
         ^
1 error generated.
configure:3716: $? = 1
configure: failed program was:
| /* confdefs.h.  */
| #define PACKAGE_NAME ""
| #define PACKAGE_TARNAME ""
| #define PACKAGE_VERSION ""
| #define PACKAGE_STRING ""
| #define PACKAGE_BUGREPORT ""
| #define inline inline
| #define HAVE___ATTRIBUTE__ 1
| /* end confdefs.h.  */
| #include <ac_nonexistent.h>
configure:3754: checking for grep that handles long lines and -e
configure:3828: result: /usr/bin/grep
configure:3833: checking for egrep
configure:3911: result: /usr/bin/grep -E
configure:3916: checking for ANSI C header files
configure:3946: /Applications/Xcode.app/Contents/Developer/usr/bin/gcc -c -g -O2  conftest.c >&5
configure:3952: $? = 0
configure:4051: /Applications/Xcode.app/Contents/Developer/usr/bin/gcc -o conftest -g -O2   conftest.c  >&5
configure:4054: $? = 0
configure:4060: ./conftest
configure:4063: $? = 0
configure:4080: result: yes
configure:4104: checking for sys/types.h
configure:4125: /Applications/Xcode.app/Contents/Developer/usr/bin/gcc -c -g -O2  conftest.c >&5
configure:4131: $? = 0
configure:4147: result: yes
configure:4104: checking for sys/stat.h
configure:4125: /Applications/Xcode.app/Contents/Developer/usr/bin/gcc -c -g -O2  conftest.c >&5
configure:4131: $? = 0
configure:4147: result: yes
configure:4104: checking for stdlib.h
configure:4125: /Applications/Xcode.app/Contents/Developer/usr/bin/gcc -c -g -O2  conftest.c >&5
configure:4131: $? = 0
configure:4147: result: yes
configure:4104: checking for string.h
configure:4125: /Applications/Xcode.app/Contents/Developer/usr/bin/gcc -c -g -O2  conftest.c >&5
configure:4131: $? = 0
configure:4147: result: yes
configure:4104: checking for memory.h
configure:4125: /Applications/Xcode.app/Contents/Developer/usr/bin/gcc -c -g -O2  conftest.c >&5
configure:4131: $? = 0
configure:4147: result: yes
configure:4104: checking for strings.h
configure:4125: /Applications/Xcode.app/Contents/Developer/usr/bin/gcc -c -g -O2  conftest.c >&5
configure:4131: $? = 0
configure:4147: result: yes
configure:4104: checking for inttypes.h
configure:4125: /Applications/Xcode.app/Contents/Developer/usr/bin/gcc -c -g -O2  conftest.c >&5
configure:4131: $? = 0
configure:4147: result: yes
configure:4104: checking for stdint.h
configure:4125: /Applications/Xcode.app/Contents/Developer/usr/bin/gcc -c -g -O2  conftest.c >&5
configure:4131: $? = 0
configure:4147: result: yes
configure:4104: checking for unistd.h
configure:4125: /Applications/Xcode.app/Contents/Developer/usr/bin/gcc -c -g -O2  conftest.c >&5
configure:4131: $? = 0
configure:4147: result: yes
configure:4174: checking sys/bitypes.h usability
configure:4191: /Applications/Xcode.app/Contents/Developer/usr/bin/gcc -c -g -O2  conftest.c >&5
conftest.c:53:10: fatal error: 'sys/bitypes.h' file not found
#include <sys/bitypes.h>
         ^
1 error generated.
configure:4197: $? = 1
configure: failed program was:
| /* confdefs.h.  */
| #define PACKAGE_NAME ""
| #define PACKAGE_TARNAME ""
| #define PACKAGE_VERSION ""
| #define PACKAGE_STRING ""
| #define PACKAGE_BUGREPORT ""
| #define inline inline
| #define HAVE___ATTRIBUTE__ 1
| #define STDC_HEADERS 1
| #define HAVE_SYS_TYPES_H 1
| #define HAVE_SYS_STAT_H 1
| #define HAVE_STDLIB_H 1
| #define HAVE_STRING_H 1
| #define HAVE_MEMORY_H 1
| #define HAVE_STRINGS_H 1
| #define HAVE_INTTYPES_H 1
| #define HAVE_STDINT_H 1
| #define HAVE_UNISTD_H 1
| /* end confdefs.h.  */
| #include <stdio.h>
| #ifdef HAVE_SYS_TYPES_H
| # include <sys/types.h>
| #endif
| #ifdef HAVE_SYS_STAT_H
| # include <sys/stat.h>
| #endif
| #ifdef STDC_HEADERS
| # include <stdlib.h>
| # include <stddef.h>
| #else
| # ifdef HAVE_STDLIB_H
| #  include <stdlib.h>
| # endif
| #endif
| #ifdef HAVE_STRING_H
| # if !defined STDC_HEADERS && defined HAVE_MEMORY_H
| #  include <memory.h>
| # endif
| # include <string.h>
| #endif
| #ifdef HAVE_STRINGS_H
| # include <strings.h>
| #endif
| #ifdef HAVE_INTTYPES_H
| # include <inttypes.h>
| #endif
| #ifdef HAVE_STDINT_H
| # include <stdint.h>
| #endif
| #ifdef HAVE_UNISTD_H
| # include <unistd.h>
| #endif
| #include <sys/bitypes.h>
configure:4211: result: no
configure:4215: checking sys/bitypes.h presence
configure:4230: /Applications/Xcode.app/Contents/Developer/usr/bin/gcc -E  conftest.c
conftest.c:20:10: fatal error: 'sys/bitypes.h' file not found
#include <sys/bitypes.h>
         ^
1 error generated.
configure:4236: $? = 1
configure: failed program was:
| /* confdefs.h.  */
| #define PACKAGE_NAME ""
| #define PACKAGE_TARNAME ""
| #define PACKAGE_VERSION ""
| #define PACKAGE_STRING ""
| #define PACKAGE_BUGREPORT ""
| #define inline inline
| #define HAVE___ATTRIBUTE__ 1
| #define STDC_HEADERS 1
| #define HAVE_SYS_TYPES_H 1
| #define HAVE_SYS_STAT_H 1
| #define HAVE_STDLIB_H 1
| #define HAVE_STRING_H 1
| #define HAVE_MEMORY_H 1
| #define HAVE_STRINGS_H 1
| #define HAVE_INTTYPES_H 1
| #define HAVE_STDINT_H 1
| #define HAVE_UNISTD_H 1
| /* end confdefs.h.  */
| #include <sys/bitypes.h>
configure:4250: result: no
configure:4278: checking for sys/bitypes.h
configure:4286: result: no
configure:4300: checking for int8_t
configure:4334: /Applications/Xcode.app/Contents/Developer/usr/bin/gcc -c -g -O2  conftest.c >&5
configure:4340: $? = 0
configure:4355: result: yes
configure:4367: checking for u_int8_t
configure:4401: /Applications/Xcode.app/Contents/Developer/usr/bin/gcc -c -g -O2  conftest.c >&5
configure:4407: $? = 0
configure:4422: result: yes
configure:4434: checking for int16_t
configure:4464: /Applications/Xcode.app/Contents/Developer/usr/bin/gcc -c -g -O2  conftest.c >&5
configure:4470: $? = 0
configure:4485: result: yes
configure:4501: checking for u_int16_t
configure:4535: /Applications/Xcode.app/Contents/Developer/usr/bin/gcc -c -g -O2  conftest.c >&5
configure:4541: $? = 0
configure:4556: result: yes
configure:4568: checking for int32_t
configure:4602: /Applications/Xcode.app/Contents/Developer/usr/bin/gcc -c -g -O2  conftest.c >&5
configure:4608: $? = 0
configure:4623: result: yes
configure:4635: checking for u_int32_t
configure:4669: /Applications/Xcode.app/Contents/Developer/usr/bin/gcc -c -g -O2  conftest.c >&5
configure:4675: $? = 0
configure:4690: result: yes
configure:4702: checking for int64_t
configure:4736: /Applications/Xcode.app/Contents/Developer/usr/bin/gcc -c -g -O2  conftest.c >&5
configure:4742: $? = 0
configure:4757: result: yes
configure:4769: checking for u_int64_t
configure:4803: /Applications/Xcode.app/Contents/Developer/usr/bin/gcc -c -g -O2  conftest.c >&5
configure:4809: $? = 0
configure:4824: result: yes
configure:4847: checking for special C compiler options needed for large files
configure:4940: result: no
configure:4946: checking for _FILE_OFFSET_BITS value needed for large files
configure:4981: /Applications/Xcode.app/Contents/Developer/usr/bin/gcc -c -g -O2  conftest.c >&5
configure:4987: $? = 0
configure:5055: result: no
configure:5190: checking for _LARGEFILE_SOURCE value needed for large files
configure:5217: /Applications/Xcode.app/Contents/Developer/usr/bin/gcc -o conftest -g -O2   conftest.c  >&5
configure:5223: $? = 0
configure:5287: result: no
configure:5329: checking sys/ioccom.h usability
configure:5346: /Applications/Xcode.app/Contents/Developer/usr/bin/gcc -c -g -O2  conftest.c >&5
configure:5352: $? = 0
configure:5366: result: yes
configure:5370: checking sys/ioccom.h presence
configure:5385: /Applications/Xcode.app/Contents/Developer/usr/bin/gcc -E  conftest.c
configure:5391: $? = 0
configure:5405: result: yes
configure:5433: checking for sys/ioccom.h
configure:5441: result: yes
configure:5329: checking sys/sockio.h usability
configure:5346: /Applications/Xcode.app/Contents/Developer/usr/bin/gcc -c -g -O2  conftest.c >&5
configure:5352: $? = 0
configure:5366: result: yes
configure:5370: checking sys/sockio.h presence
configure:5385: /Applications/Xcode.app/Contents/Developer/usr/bin/gcc -E  conftest.c
configure:5391: $? = 0
configure:5405: result: yes
configure:5433: checking for sys/sockio.h
configure:5441: result: yes
configure:5329: checking limits.h usability
configure:5346: /Applications/Xcode.app/Contents/Developer/usr/bin/gcc -c -g -O2  conftest.c >&5
configure:5352: $? = 0
configure:5366: result: yes
configure:5370: checking limits.h presence
configure:5385: /Applications/Xcode.app/Contents/Developer/usr/bin/gcc -E  conftest.c
configure:5391: $? = 0
configure:5405: result: yes
configure:5433: checking for limits.h
configure:5441: result: yes
configure:5329: checking paths.h usability
configure:5346: /Applications/Xcode.app/Contents/Developer/usr/bin/gcc -c -g -O2  conftest.c >&5
configure:5352: $? = 0
configure:5366: result: yes
configure:5370: checking paths.h presence
configure:5385: /Applications/Xcode.app/Contents/Developer/usr/bin/gcc -E  conftest.c
configure:5391: $? = 0
configure:5405: result: yes
configure:5433: checking for paths.h
configure:5441: result: yes
configure:5469: checking linux/types.h usability
configure:5486: /Applications/Xcode.app/Contents/Developer/usr/bin/gcc -c -g -O2  conftest.c >&5
conftest.c:58:10: fatal error: 'linux/types.h' file not found
#include <linux/types.h>
         ^
1 error generated.
configure:5492: $? = 1
configure: failed program was:
| /* confdefs.h.  */
| #define PACKAGE_NAME ""
| #define PACKAGE_TARNAME ""
| #define PACKAGE_VERSION ""
| #define PACKAGE_STRING ""
| #define PACKAGE_BUGREPORT ""
| #define inline inline
| #define HAVE___ATTRIBUTE__ 1
| #define STDC_HEADERS 1
| #define HAVE_SYS_TYPES_H 1
| #define HAVE_SYS_STAT_H 1
| #define HAVE_STDLIB_H 1
| #define HAVE_STRING_H 1
| #define HAVE_MEMORY_H 1
| #define HAVE_STRINGS_H 1
| #define HAVE_INTTYPES_H 1
| #define HAVE_STDINT_H 1
| #define HAVE_UNISTD_H 1
| #define HAVE_FSEEKO 1
| #define HAVE_SYS_IOCCOM_H 1
| #define HAVE_SYS_SOCKIO_H 1
| #define HAVE_LIMITS_H 1
| #define HAVE_PATHS_H 1
| /* end confdefs.h.  */
| #include <stdio.h>
| #ifdef HAVE_SYS_TYPES_H
| # include <sys/types.h>
| #endif
| #ifdef HAVE_SYS_STAT_H
| # include <sys/stat.h>
| #endif
| #ifdef STDC_HEADERS
| # include <stdlib.h>
| # include <stddef.h>
| #else
| # ifdef HAVE_STDLIB_H
| #  include <stdlib.h>
| # endif
| #endif
| #ifdef HAVE_STRING_H
| # if !defined STDC_HEADERS && defined HAVE_MEMORY_H
| #  include <memory.h>
| # endif
| # include <string.h>
| #endif
| #ifdef HAVE_STRINGS_H
| # include <strings.h>
| #endif
| #ifdef HAVE_INTTYPES_H
| # include <inttypes.h>
| #endif
| #ifdef HAVE_STDINT_H
| # include <stdint.h>
| #endif
| #ifdef HAVE_UNISTD_H
| # include <unistd.h>
| #endif
| #include <linux/types.h>
configure:5506: result: no
configure:5510: checking linux/types.h presence
configure:5525: /Applications/Xcode.app/Contents/Developer/usr/bin/gcc -E  conftest.c
conftest.c:25:10: fatal error: 'linux/types.h' file not found
#include <linux/types.h>
         ^
1 error generated.
configure:5531: $? = 1
configure: failed program was:
| /* confdefs.h.  */
| #define PACKAGE_NAME ""
| #define PACKAGE_TARNAME ""
| #define PACKAGE_VERSION ""
| #define PACKAGE_STRING ""
| #define PACKAGE_BUGREPORT ""
| #define inline inline
| #define HAVE___ATTRIBUTE__ 1
| #define STDC_HEADERS 1
| #define HAVE_SYS_TYPES_H 1
| #define HAVE_SYS_STAT_H 1
| #define HAVE_STDLIB_H 1
| #define HAVE_STRING_H 1
| #define HAVE_MEMORY_H 1
| #define HAVE_STRINGS_H 1
| #define HAVE_INTTYPES_H 1
| #define HAVE_STDINT_H 1
| #define HAVE_UNISTD_H 1
| #define HAVE_FSEEKO 1
| #define HAVE_SYS_IOCCOM_H 1
| #define HAVE_SYS_SOCKIO_H 1
| #define HAVE_LIMITS_H 1
| #define HAVE_PATHS_H 1
| /* end confdefs.h.  */
| #include <linux/types.h>
configure:5545: result: no
configure:5573: checking for linux/types.h
configure:5581: result: no
configure:5611: checking linux/if_packet.h usability
configure:5628: /Applications/Xcode.app/Contents/Developer/usr/bin/gcc -c -g -O2  conftest.c >&5
conftest.c:58:10: fatal error: 'linux/if_packet.h' file not found
#include <linux/if_packet.h>
         ^
1 error generated.
configure:5634: $? = 1
configure: failed program was:
| /* confdefs.h.  */
| #define PACKAGE_NAME ""
| #define PACKAGE_TARNAME ""
| #define PACKAGE_VERSION ""
| #define PACKAGE_STRING ""
| #define PACKAGE_BUGREPORT ""
| #define inline inline
| #define HAVE___ATTRIBUTE__ 1
| #define STDC_HEADERS 1
| #define HAVE_SYS_TYPES_H 1
| #define HAVE_SYS_STAT_H 1
| #define HAVE_STDLIB_H 1
| #define HAVE_STRING_H 1
| #define HAVE_MEMORY_H 1
| #define HAVE_STRINGS_H 1
| #define HAVE_INTTYPES_H 1
| #define HAVE_STDINT_H 1
| #define HAVE_UNISTD_H 1
| #define HAVE_FSEEKO 1
| #define HAVE_SYS_IOCCOM_H 1
| #define HAVE_SYS_SOCKIO_H 1
| #define HAVE_LIMITS_H 1
| #define HAVE_PATHS_H 1
| /* end confdefs.h.  */
| #include <stdio.h>
| #ifdef HAVE_SYS_TYPES_H
| # include <sys/types.h>
| #endif
| #ifdef HAVE_SYS_STAT_H
| # include <sys/stat.h>
| #endif
| #ifdef STDC_HEADERS
| # include <stdlib.h>
| # include <stddef.h>
| #else
| # ifdef HAVE_STDLIB_H
| #  include <stdlib.h>
| # endif
| #endif
| #ifdef HAVE_STRING_H
| # if !defined STDC_HEADERS && defined HAVE_MEMORY_H
| #  include <memory.h>
| # endif
| # include <string.h>
| #endif
| #ifdef HAVE_STRINGS_H
| # include <strings.h>
| #endif
| #ifdef HAVE_INTTYPES_H
| # include <inttypes.h>
| #endif
| #ifdef HAVE_STDINT_H
| # include <stdint.h>
| #endif
| #ifdef HAVE_UNISTD_H
| # include <unistd.h>
| #endif
| #include <linux/if_packet.h>
configure:5648: result: no
configure:5652: checking linux/if_packet.h presence
configure:5667: /Applications/Xcode.app/Contents/Developer/usr/bin/gcc -E  conftest.c
conftest.c:25:10: fatal error: 'linux/if_packet.h' file not found
#include <linux/if_packet.h>
         ^
1 error generated.
configure:5673: $? = 1
configure: failed program was:
| /* confdefs.h.  */
| #define PACKAGE_NAME ""
| #define PACKAGE_TARNAME ""
| #define PACKAGE_VERSION ""
| #define PACKAGE_STRING ""
| #define PACKAGE_BUGREPORT ""
| #define inline inline
| #define HAVE___ATTRIBUTE__ 1
| #define STDC_HEADERS 1
| #define HAVE_SYS_TYPES_H 1
| #define HAVE_SYS_STAT_H 1
| #define HAVE_STDLIB_H 1
| #define HAVE_STRING_H 1
| #define HAVE_MEMORY_H 1
| #define HAVE_STRINGS_H 1
| #define HAVE_INTTYPES_H 1
| #define HAVE_STDINT_H 1
| #define HAVE_UNISTD_H 1
| #define HAVE_FSEEKO 1
| #define HAVE_SYS_IOCCOM_H 1
| #define HAVE_SYS_SOCKIO_H 1
| #define HAVE_LIMITS_H 1
| #define HAVE_PATHS_H 1
| /* end confdefs.h.  */
| #include <linux/if_packet.h>
configure:5687: result: no
configure:5715: checking for linux/if_packet.h
configure:5723: result: no
configure:5611: checking netpacket/packet.h usability
configure:5628: /Applications/Xcode.app/Contents/Developer/usr/bin/gcc -c -g -O2  conftest.c >&5
conftest.c:58:10: fatal error: 'netpacket/packet.h' file not found
#include <netpacket/packet.h>
         ^
1 error generated.
configure:5634: $? = 1
configure: failed program was:
| /* confdefs.h.  */
| #define PACKAGE_NAME ""
| #define PACKAGE_TARNAME ""
| #define PACKAGE_VERSION ""
| #define PACKAGE_STRING ""
| #define PACKAGE_BUGREPORT ""
| #define inline inline
| #define HAVE___ATTRIBUTE__ 1
| #define STDC_HEADERS 1
| #define HAVE_SYS_TYPES_H 1
| #define HAVE_SYS_STAT_H 1
| #define HAVE_STDLIB_H 1
| #define HAVE_STRING_H 1
| #define HAVE_MEMORY_H 1
| #define HAVE_STRINGS_H 1
| #define HAVE_INTTYPES_H 1
| #define HAVE_STDINT_H 1
| #define HAVE_UNISTD_H 1
| #define HAVE_FSEEKO 1
| #define HAVE_SYS_IOCCOM_H 1
| #define HAVE_SYS_SOCKIO_H 1
| #define HAVE_LIMITS_H 1
| #define HAVE_PATHS_H 1
| /* end confdefs.h.  */
| #include <stdio.h>
| #ifdef HAVE_SYS_TYPES_H
| # include <sys/types.h>
| #endif
| #ifdef HAVE_SYS_STAT_H
| # include <sys/stat.h>
| #endif
| #ifdef STDC_HEADERS
| # include <stdlib.h>
| # include <stddef.h>
| #else
| # ifdef HAVE_STDLIB_H
| #  include <stdlib.h>
| # endif
| #endif
| #ifdef HAVE_STRING_H
| # if !defined STDC_HEADERS && defined HAVE_MEMORY_H
| #  include <memory.h>
| # endif
| # include <string.h>
| #endif
| #ifdef HAVE_STRINGS_H
| # include <strings.h>
| #endif
| #ifdef HAVE_INTTYPES_H
| # include <inttypes.h>
| #endif
| #ifdef HAVE_STDINT_H
| # include <stdint.h>
| #endif
| #ifdef HAVE_UNISTD_H
| # include <unistd.h>
| #endif
| #include <netpacket/packet.h>
configure:5648: result: no
configure:5652: checking netpacket/packet.h presence
configure:5667: /Applications/Xcode.app/Contents/Developer/usr/bin/gcc -E  conftest.c
conftest.c:25:10: fatal error: 'netpacket/packet.h' file not found
#include <netpacket/packet.h>
         ^
1 error generated.
configure:5673: $? = 1
configure: failed program was:
| /* confdefs.h.  */
| #define PACKAGE_NAME ""
| #define PACKAGE_TARNAME ""
| #define PACKAGE_VERSION ""
| #define PACKAGE_STRING ""
| #define PACKAGE_BUGREPORT ""
| #define inline inline
| #define HAVE___ATTRIBUTE__ 1
| #define STDC_HEADERS 1
| #define HAVE_SYS_TYPES_H 1
| #define HAVE_SYS_STAT_H 1
| #define HAVE_STDLIB_H 1
| #define HAVE_STRING_H 1
| #define HAVE_MEMORY_H 1
| #define HAVE_STRINGS_H 1
| #define HAVE_INTTYPES_H 1
| #define HAVE_STDINT_H 1
| #define HAVE_UNISTD_H 1
| #define HAVE_FSEEKO 1
| #define HAVE_SYS_IOCCOM_H 1
| #define HAVE_SYS_SOCKIO_H 1
| #define HAVE_LIMITS_H 1
| #define HAVE_PATHS_H 1
| /* end confdefs.h.  */
| #include <netpacket/packet.h>
configure:5687: result: no
configure:5715: checking for netpacket/packet.h
configure:5723: result: no
configure:5611: checking netpacket/if_packet.h usability
configure:5628: /Applications/Xcode.app/Contents/Developer/usr/bin/gcc -c -g -O2  conftest.c >&5
conftest.c:58:10: fatal error: 'netpacket/if_packet.h' file not found
#include <netpacket/if_packet.h>
         ^
1 error generated.
configure:5634: $? = 1
configure: failed program was:
| /* confdefs.h.  */
| #define PACKAGE_NAME ""
| #define PACKAGE_TARNAME ""
| #define PACKAGE_VERSION ""
| #define PACKAGE_STRING ""
| #define PACKAGE_BUGREPORT ""
| #define inline inline
| #define HAVE___ATTRIBUTE__ 1
| #define STDC_HEADERS 1
| #define HAVE_SYS_TYPES_H 1
| #define HAVE_SYS_STAT_H 1
| #define HAVE_STDLIB_H 1
| #define HAVE_STRING_H 1
| #define HAVE_MEMORY_H 1
| #define HAVE_STRINGS_H 1
| #define HAVE_INTTYPES_H 1
| #define HAVE_STDINT_H 1
| #define HAVE_UNISTD_H 1
| #define HAVE_FSEEKO 1
| #define HAVE_SYS_IOCCOM_H 1
| #define HAVE_SYS_SOCKIO_H 1
| #define HAVE_LIMITS_H 1
| #define HAVE_PATHS_H 1
| /* end confdefs.h.  */
| #include <stdio.h>
| #ifdef HAVE_SYS_TYPES_H
| # include <sys/types.h>
| #endif
| #ifdef HAVE_SYS_STAT_H
| # include <sys/stat.h>
| #endif
| #ifdef STDC_HEADERS
| # include <stdlib.h>
| # include <stddef.h>
| #else
| # ifdef HAVE_STDLIB_H
| #  include <stdlib.h>
| # endif
| #endif
| #ifdef HAVE_STRING_H
| # if !defined STDC_HEADERS && defined HAVE_MEMORY_H
| #  include <memory.h>
| # endif
| # include <string.h>
| #endif
| #ifdef HAVE_STRINGS_H
| # include <strings.h>
| #endif
| #ifdef HAVE_INTTYPES_H
| # include <inttypes.h>
| #endif
| #ifdef HAVE_STDINT_H
| # include <stdint.h>
| #endif
| #ifdef HAVE_UNISTD_H
| # include <unistd.h>
| #endif
| #include <netpacket/if_packet.h>
configure:5648: result: no
configure:5652: checking netpacket/if_packet.h presence
configure:5667: /Applications/Xcode.app/Contents/Developer/usr/bin/gcc -E  conftest.c
conftest.c:25:10: fatal error: 'netpacket/if_packet.h' file not found
#include <netpacket/if_packet.h>
         ^
1 error generated.
configure:5673: $? = 1
configure: failed program was:
| /* confdefs.h.  */
| #define PACKAGE_NAME ""
| #define PACKAGE_TARNAME ""
| #define PACKAGE_VERSION ""
| #define PACKAGE_STRING ""
| #define PACKAGE_BUGREPORT ""
| #define inline inline
| #define HAVE___ATTRIBUTE__ 1
| #define STDC_HEADERS 1
| #define HAVE_SYS_TYPES_H 1
| #define HAVE_SYS_STAT_H 1
| #define HAVE_STDLIB_H 1
| #define HAVE_STRING_H 1
| #define HAVE_MEMORY_H 1
| #define HAVE_STRINGS_H 1
| #define HAVE_INTTYPES_H 1
| #define HAVE_STDINT_H 1
| #define HAVE_UNISTD_H 1
| #define HAVE_FSEEKO 1
| #define HAVE_SYS_IOCCOM_H 1
| #define HAVE_SYS_SOCKIO_H 1
| #define HAVE_LIMITS_H 1
| #define HAVE_PATHS_H 1
| /* end confdefs.h.  */
| #include <netpacket/if_packet.h>
configure:5687: result: no
configure:5715: checking for netpacket/if_packet.h
configure:5723: result: no
configure:5740: checking for net/pfvar.h
configure:5763: /Applications/Xcode.app/Contents/Developer/usr/bin/gcc -c -g -O2  conftest.c >&5
conftest.c:29:10: fatal error: 'net/pfvar.h' file not found
#include <net/pfvar.h>
         ^
1 error generated.
configure:5769: $? = 1
configure: failed program was:
| /* confdefs.h.  */
| #define PACKAGE_NAME ""
| #define PACKAGE_TARNAME ""
| #define PACKAGE_VERSION ""
| #define PACKAGE_STRING ""
| #define PACKAGE_BUGREPORT ""
| #define inline inline
| #define HAVE___ATTRIBUTE__ 1
| #define STDC_HEADERS 1
| #define HAVE_SYS_TYPES_H 1
| #define HAVE_SYS_STAT_H 1
| #define HAVE_STDLIB_H 1
| #define HAVE_STRING_H 1
| #define HAVE_MEMORY_H 1
| #define HAVE_STRINGS_H 1
| #define HAVE_INTTYPES_H 1
| #define HAVE_STDINT_H 1
| #define HAVE_UNISTD_H 1
| #define HAVE_FSEEKO 1
| #define HAVE_SYS_IOCCOM_H 1
| #define HAVE_SYS_SOCKIO_H 1
| #define HAVE_LIMITS_H 1
| #define HAVE_PATHS_H 1
| /* end confdefs.h.  */
| #include <sys/types.h>
| #include <sys/socket.h>
| #include <net/if.h>
| 
| #include <net/pfvar.h>
configure:5785: result: no
configure:5860: checking for netinet/if_ether.h
configure:5882: /Applications/Xcode.app/Contents/Developer/usr/bin/gcc -c -g -O2  conftest.c >&5
configure:5888: $? = 0
configure:5904: result: yes
configure:5992: checking for ANSI ioctl definitions
configure:6030: /Applications/Xcode.app/Contents/Developer/usr/bin/gcc -c -g -O2  conftest.c >&5
conftest.c:39:9: warning: no case matching constant switch condition '0'
switch (0) {
        ^
1 warning generated.
configure:6036: $? = 0
configure:6052: result: yes
configure:6068: checking for strerror
configure:6124: /Applications/Xcode.app/Contents/Developer/usr/bin/gcc -o conftest -g -O2   conftest.c  >&5
conftest.c:49:6: warning: incompatible redeclaration of library function 'strerror' [-Wincompatible-library-redeclaration]
char strerror ();
     ^
conftest.c:49:6: note: 'strerror' is a builtin with type 'char *(int)'
1 warning generated.
configure:6130: $? = 0
configure:6148: result: yes
configure:6068: checking for strlcpy
configure:6124: /Applications/Xcode.app/Contents/Developer/usr/bin/gcc -o conftest -g -O2   conftest.c  >&5
conftest.c:50:6: warning: incompatible redeclaration of library function 'strlcpy' [-Wincompatible-library-redeclaration]
char strlcpy ();
     ^
conftest.c:50:6: note: 'strlcpy' is a builtin with type 'unsigned long (char *, const char *, unsigned long)'
1 warning generated.
configure:6130: $? = 0
configure:6148: result: yes
configure:6165: checking for vsnprintf
configure:6221: /Applications/Xcode.app/Contents/Developer/usr/bin/gcc -o conftest -g -O2   conftest.c  >&5
conftest.c:51:6: warning: incompatible redeclaration of library function 'vsnprintf' [-Wincompatible-library-redeclaration]
char vsnprintf ();
     ^
conftest.c:51:6: note: 'vsnprintf' is a builtin with type 'int (char *, unsigned long, const char *, __va_list_tag *)'
1 warning generated.
configure:6227: $? = 0
configure:6245: result: yes
configure:6165: checking for snprintf
configure:6221: /Applications/Xcode.app/Contents/Developer/usr/bin/gcc -o conftest -g -O2   conftest.c  >&5
conftest.c:52:6: warning: incompatible redeclaration of library function 'snprintf' [-Wincompatible-library-redeclaration]
char snprintf ();
     ^
conftest.c:52:6: note: 'snprintf' is a builtin with type 'int (char *, unsigned long, const char *, ...)'
1 warning generated.
configure:6227: $? = 0
configure:6245: result: yes
configure:6275: checking for library containing gethostbyname
configure:6316: /Applications/Xcode.app/Contents/Developer/usr/bin/gcc -o conftest -g -O2   conftest.c  >&5
configure:6322: $? = 0
configure:6350: result: none required
configure:6428: checking for library containing socket
configure:6469: /Applications/Xcode.app/Contents/Developer/usr/bin/gcc -o conftest -g -O2   conftest.c  >&5
configure:6475: $? = 0
configure:6503: result: none required
configure:6578: checking for library containing putmsg
configure:6619: /Applications/Xcode.app/Contents/Developer/usr/bin/gcc -o conftest -g -O2   conftest.c  >&5
Undefined symbols for architecture x86_64:
  "_putmsg", referenced from:
      _main in conftest-e2e112.o
ld: symbol(s) not found for architecture x86_64
clang: error: linker command failed with exit code 1 (use -v to see invocation)
configure:6625: $? = 1
configure: failed program was:
| /* confdefs.h.  */
| #define PACKAGE_NAME ""
| #define PACKAGE_TARNAME ""
| #define PACKAGE_VERSION ""
| #define PACKAGE_STRING ""
| #define PACKAGE_BUGREPORT ""
| #define inline inline
| #define HAVE___ATTRIBUTE__ 1
| #define STDC_HEADERS 1
| #define HAVE_SYS_TYPES_H 1
| #define HAVE_SYS_STAT_H 1
| #define HAVE_STDLIB_H 1
| #define HAVE_STRING_H 1
| #define HAVE_MEMORY_H 1
| #define HAVE_STRINGS_H 1
| #define HAVE_INTTYPES_H 1
| #define HAVE_STDINT_H 1
| #define HAVE_UNISTD_H 1
| #define HAVE_FSEEKO 1
| #define HAVE_SYS_IOCCOM_H 1
| #define HAVE_SYS_SOCKIO_H 1
| #define HAVE_LIMITS_H 1
| #define HAVE_PATHS_H 1
| #define HAVE_NETINET_IF_ETHER_H 1
| #define HAVE_STRERROR 1
| #define HAVE_STRLCPY 1
| #define HAVE_VSNPRINTF 1
| #define HAVE_SNPRINTF 1
| /* end confdefs.h.  */
| 
| /* Override any GCC internal prototype to avoid an error.
|    Use char because int might match the return type of a GCC
|    builtin and then its argument prototype would still apply.  */
| #ifdef __cplusplus
| extern "C"
| #endif
| char putmsg ();
| int
| main ()
| {
| return putmsg ();
|   ;
|   return 0;
| }
configure:6619: /Applications/Xcode.app/Contents/Developer/usr/bin/gcc -o conftest -g -O2   conftest.c -lstr   >&5
ld: library not found for -lstr
clang: error: linker command failed with exit code 1 (use -v to see invocation)
configure:6625: $? = 1
configure: failed program was:
| /* confdefs.h.  */
| #define PACKAGE_NAME ""
| #define PACKAGE_TARNAME ""
| #define PACKAGE_VERSION ""
| #define PACKAGE_STRING ""
| #define PACKAGE_BUGREPORT ""
| #define inline inline
| #define HAVE___ATTRIBUTE__ 1
| #define STDC_HEADERS 1
| #define HAVE_SYS_TYPES_H 1
| #define HAVE_SYS_STAT_H 1
| #define HAVE_STDLIB_H 1
| #define HAVE_STRING_H 1
| #define HAVE_MEMORY_H 1
| #define HAVE_STRINGS_H 1
| #define HAVE_INTTYPES_H 1
| #define HAVE_STDINT_H 1
| #define HAVE_UNISTD_H 1
| #define HAVE_FSEEKO 1
| #define HAVE_SYS_IOCCOM_H 1
| #define HAVE_SYS_SOCKIO_H 1
| #define HAVE_LIMITS_H 1
| #define HAVE_PATHS_H 1
| #define HAVE_NETINET_IF_ETHER_H 1
| #define HAVE_STRERROR 1
| #define HAVE_STRLCPY 1
| #define HAVE_VSNPRINTF 1
| #define HAVE_SNPRINTF 1
| /* end confdefs.h.  */
| 
| /* Override any GCC internal prototype to avoid an error.
|    Use char because int might match the return type of a GCC
|    builtin and then its argument prototype would still apply.  */
| #ifdef __cplusplus
| extern "C"
| #endif
| char putmsg ();
| int
| main ()
| {
| return putmsg ();
|   ;
|   return 0;
| }
configure:6653: result: no
configure:6678: checking for ether_hostton
configure:6734: /Applications/Xcode.app/Contents/Developer/usr/bin/gcc -o conftest -g -O2   conftest.c  >&5
configure:6740: $? = 0
configure:6758: result: yes
configure:6776: checking whether ether_hostton is declared
configure:6815: /Applications/Xcode.app/Contents/Developer/usr/bin/gcc -c -g -O2  conftest.c >&5
configure:6821: $? = 0
configure:6836: result: yes
configure:7165: checking if --disable-protochain option is specified
configure:7185: result: enabled
configure:7221: checking packet capture type
configure:7267: result: bpf
configure:8093: checking net/if_media.h usability
configure:8110: /Applications/Xcode.app/Contents/Developer/usr/bin/gcc -c -g -O2  conftest.c >&5
configure:8116: $? = 0
configure:8130: result: yes
configure:8134: checking net/if_media.h presence
configure:8149: /Applications/Xcode.app/Contents/Developer/usr/bin/gcc -E  conftest.c
configure:8155: $? = 0
configure:8169: result: yes
configure:8197: checking for net/if_media.h
configure:8205: result: yes
configure:8219: checking whether the system supports zerocopy BPF
configure:8245: /Applications/Xcode.app/Contents/Developer/usr/bin/gcc -c -g -O2  conftest.c >&5
conftest.c:41:9: error: use of undeclared identifier 'BIOCROTZBUF'
return (BIOCROTZBUF + BPF_BUFMODE_ZBUF);
        ^
conftest.c:41:23: error: use of undeclared identifier 'BPF_BUFMODE_ZBUF'
return (BIOCROTZBUF + BPF_BUFMODE_ZBUF);
                      ^
2 errors generated.
configure:8251: $? = 1
configure: failed program was:
| /* confdefs.h.  */
| #define PACKAGE_NAME ""
| #define PACKAGE_TARNAME ""
| #define PACKAGE_VERSION ""
| #define PACKAGE_STRING ""
| #define PACKAGE_BUGREPORT ""
| #define inline inline
| #define HAVE___ATTRIBUTE__ 1
| #define STDC_HEADERS 1
| #define HAVE_SYS_TYPES_H 1
| #define HAVE_SYS_STAT_H 1
| #define HAVE_STDLIB_H 1
| #define HAVE_STRING_H 1
| #define HAVE_MEMORY_H 1
| #define HAVE_STRINGS_H 1
| #define HAVE_INTTYPES_H 1
| #define HAVE_STDINT_H 1
| #define HAVE_UNISTD_H 1
| #define HAVE_FSEEKO 1
| #define HAVE_SYS_IOCCOM_H 1
| #define HAVE_SYS_SOCKIO_H 1
| #define HAVE_LIMITS_H 1
| #define HAVE_PATHS_H 1
| #define HAVE_NETINET_IF_ETHER_H 1
| #define HAVE_STRERROR 1
| #define HAVE_STRLCPY 1
| #define HAVE_VSNPRINTF 1
| #define HAVE_SNPRINTF 1
| #define HAVE_ETHER_HOSTTON 1
| #define NETINET_IF_ETHER_H_DECLARES_ETHER_HOSTTON
| #define HAVE_DECL_ETHER_HOSTTON 1
| #define HAVE_NET_IF_MEDIA_H 1
| /* end confdefs.h.  */
| #include <sys/socket.h>
| 	    #include <sys/ioctl.h>
| 	    #include <net/if.h>
| 	    #include <net/bpf.h>
| int
| main ()
| {
| return (BIOCROTZBUF + BPF_BUFMODE_ZBUF);
|   ;
|   return 0;
| }
configure:8269: result: no
configure:8278: checking for struct BPF_TIMEVAL
configure:8316: /Applications/Xcode.app/Contents/Developer/usr/bin/gcc -c -g -O2  conftest.c >&5
configure:8322: $? = 0
configure:8337: result: yes
configure:8378: checking for getifaddrs
configure:8434: /Applications/Xcode.app/Contents/Developer/usr/bin/gcc -o conftest -g -O2   conftest.c  >&5
configure:8440: $? = 0
configure:8457: result: yes
configure:8475: checking ifaddrs.h usability
configure:8492: /Applications/Xcode.app/Contents/Developer/usr/bin/gcc -c -g -O2  conftest.c >&5
configure:8498: $? = 0
configure:8512: result: yes
configure:8516: checking ifaddrs.h presence
configure:8531: /Applications/Xcode.app/Contents/Developer/usr/bin/gcc -E  conftest.c
configure:8537: $? = 0
configure:8551: result: yes
configure:8579: checking for ifaddrs.h
configure:8586: result: yes
configure:8858: checking for socklen_t
configure:8884: /Applications/Xcode.app/Contents/Developer/usr/bin/gcc -c -g -O2  conftest.c >&5
configure:8890: $? = 0
configure:8911: result: yes
configure:8922: checking for getaddrinfo
configure:8978: /Applications/Xcode.app/Contents/Developer/usr/bin/gcc -o conftest -g -O2   conftest.c  >&5
configure:8984: $? = 0
configure:9001: result: yes
configure:9025: checking whether to build optimizer debugging code
configure:9039: result: no
configure:9042: checking whether to build parser debugging code
configure:9056: result: no
configure:9137: checking whether we have DAG API headers
configure:9160: result: no (/usr/local/include)
configure:9479: checking whether we have the DAG API
configure:9483: result: no
configure:9556: checking whether we have Septel API
configure:9578: result: no
configure:9679: checking whether we have Myricom Sniffer API
configure:9697: result: no (/opt/snf)
configure:9825: checking for flex
configure:9841: found /usr/bin/flex
configure:9852: result: flex
configure:9867: checking for flex 2.4 or higher
configure:9879: result: yes
configure:9895: checking for bison
configure:9911: found /usr/bin/bison
configure:9922: result: bison
configure:10261: checking for arm-apple-darwin-ranlib
configure:10291: result: no
configure:10301: checking for ranlib
configure:10317: found /usr/bin/ranlib
configure:10328: result: ranlib
configure:10357: checking for arm-apple-darwin-ar
configure:10387: result: no
configure:10397: checking for ar
configure:10413: found /usr/bin/ar
configure:10424: result: ar
configure:10492: checking if sockaddr struct has the sa_len member
configure:10520: /Applications/Xcode.app/Contents/Developer/usr/bin/gcc -c -g -O2  conftest.c >&5
configure:10526: $? = 0
configure:10542: result: yes
configure:10552: checking if sockaddr_storage struct exists
configure:10580: /Applications/Xcode.app/Contents/Developer/usr/bin/gcc -c -g -O2  conftest.c >&5
configure:10586: $? = 0
configure:10602: result: yes
configure:10612: checking if dl_hp_ppa_info_t struct has dl_module_id_1 member
configure:10641: /Applications/Xcode.app/Contents/Developer/usr/bin/gcc -c -g -O2  conftest.c >&5
conftest.c:41:11: fatal error: 'sys/dlpi.h' file not found
#       include <sys/dlpi.h>
                ^
1 error generated.
configure:10647: $? = 1
configure: failed program was:
| /* confdefs.h.  */
| #define PACKAGE_NAME ""
| #define PACKAGE_TARNAME ""
| #define PACKAGE_VERSION ""
| #define PACKAGE_STRING ""
| #define PACKAGE_BUGREPORT ""
| #define inline inline
| #define HAVE___ATTRIBUTE__ 1
| #define STDC_HEADERS 1
| #define HAVE_SYS_TYPES_H 1
| #define HAVE_SYS_STAT_H 1
| #define HAVE_STDLIB_H 1
| #define HAVE_STRING_H 1
| #define HAVE_MEMORY_H 1
| #define HAVE_STRINGS_H 1
| #define HAVE_INTTYPES_H 1
| #define HAVE_STDINT_H 1
| #define HAVE_UNISTD_H 1
| #define HAVE_FSEEKO 1
| #define HAVE_SYS_IOCCOM_H 1
| #define HAVE_SYS_SOCKIO_H 1
| #define HAVE_LIMITS_H 1
| #define HAVE_PATHS_H 1
| #define HAVE_NETINET_IF_ETHER_H 1
| #define HAVE_STRERROR 1
| #define HAVE_STRLCPY 1
| #define HAVE_VSNPRINTF 1
| #define HAVE_SNPRINTF 1
| #define HAVE_ETHER_HOSTTON 1
| #define NETINET_IF_ETHER_H_DECLARES_ETHER_HOSTTON
| #define HAVE_DECL_ETHER_HOSTTON 1
| #define HAVE_NET_IF_MEDIA_H 1
| #define HAVE_STRUCT_BPF_TIMEVAL 1
| #define HAVE_SOCKLEN_T 1
| #define INET6 1
| #define HAVE_SOCKADDR_SA_LEN 1
| #define HAVE_SOCKADDR_STORAGE 1
| /* end confdefs.h.  */
| 
| #	include <sys/types.h>
| #	include <sys/dlpi.h>
| #	include <sys/dlpi_ext.h>
| int
| main ()
| {
| u_int i = sizeof(((dl_hp_ppa_info_t *)0)->dl_module_id_1)
|   ;
|   return 0;
| }
configure:10663: result: no
configure:10673: checking if unaligned accesses fail
configure:10760: result: yes
configure:10801: checking for USB sniffing support
configure:11247: result: no
configure:11254: checking whether the platform could support netfilter sniffing
configure:11338: result: no
configure:11566: no Bluetooth sniffing support implemented for darwin
configure:11731: no canusb support implemented for darwin
configure:11812: no CAN sniffing support implemented for darwin
configure:11964: no hardware timestamp support implemented for darwin
configure:11982: checking for a BSD-compatible install
configure:12038: result: /usr/bin/install -c
configure:12155: creating ./config.status

## ---------------------- ##
## Running config.status. ##
## ---------------------- ##

This file was extended by config.status, which was
generated by GNU Autoconf 2.61.  Invocation command line was

  CONFIG_FILES    = 
  CONFIG_HEADERS  = 
  CONFIG_LINKS    = 
  CONFIG_COMMANDS = 
  $ ./config.status 

on decashui-Mac.local

config.status:651: creating Makefile
config.status:651: creating pcap-filter.manmisc
config.status:651: creating pcap-linktype.manmisc
config.status:651: creating pcap-tstamp.manmisc
config.status:651: creating pcap-savefile.manfile
config.status:651: creating pcap.3pcap
config.status:651: creating pcap_compile.3pcap
config.status:651: creating pcap_datalink.3pcap
config.status:651: creating pcap_dump_open.3pcap
config.status:651: creating pcap_list_datalinks.3pcap
config.status:651: creating pcap_list_tstamp_types.3pcap
config.status:651: creating pcap_open_dead.3pcap
config.status:651: creating pcap_open_offline.3pcap
config.status:651: creating pcap_set_tstamp_type.3pcap
config.status:651: creating config.h
config.status:892: config.h is unchanged

## ---------------- ##
## Cache variables. ##
## ---------------- ##

ac_cv___attribute__=yes
ac_cv_build=x86_64-apple-darwin12.4.0
ac_cv_c_compiler_gnu=yes
ac_cv_env_CC_set=set
ac_cv_env_CC_value=/Applications/Xcode.app/Contents/Developer/usr/bin/gcc
ac_cv_env_CFLAGS_set=
ac_cv_env_CFLAGS_value=
ac_cv_env_CPPFLAGS_set=
ac_cv_env_CPPFLAGS_value=
ac_cv_env_CPP_set=
ac_cv_env_CPP_value=
ac_cv_env_LDFLAGS_set=
ac_cv_env_LDFLAGS_value=
ac_cv_env_LIBS_set=
ac_cv_env_LIBS_value=
ac_cv_env_build_alias_set=
ac_cv_env_build_alias_value=
ac_cv_env_host_alias_set=set
ac_cv_env_host_alias_value=arm-apple-darwin
ac_cv_env_target_alias_set=
ac_cv_env_target_alias_value=
ac_cv_func_ether_hostton=yes
ac_cv_func_getaddrinfo=yes
ac_cv_func_getifaddrs=yes
ac_cv_func_snprintf=yes
ac_cv_func_strerror=yes
ac_cv_func_strlcpy=yes
ac_cv_func_vsnprintf=yes
ac_cv_have_decl_ether_hostton=yes
ac_cv_header_ifaddrs_h=yes
ac_cv_header_inttypes_h=yes
ac_cv_header_limits_h=yes
ac_cv_header_linux_if_packet_h=no
ac_cv_header_linux_types_h=no
ac_cv_header_memory_h=yes
ac_cv_header_net_if_media_h=yes
ac_cv_header_net_pfvar_h=no
ac_cv_header_netinet_if_ether_h=yes
ac_cv_header_netpacket_if_packet_h=no
ac_cv_header_netpacket_packet_h=no
ac_cv_header_paths_h=yes
ac_cv_header_stdc=yes
ac_cv_header_stdint_h=yes
ac_cv_header_stdlib_h=yes
ac_cv_header_string_h=yes
ac_cv_header_strings_h=yes
ac_cv_header_sys_bitypes_h=no
ac_cv_header_sys_ioccom_h=yes
ac_cv_header_sys_sockio_h=yes
ac_cv_header_sys_stat_h=yes
ac_cv_header_sys_types_h=yes
ac_cv_header_unistd_h=yes
ac_cv_host=arm-apple-darwin
ac_cv_lbl_dag_api=no
ac_cv_lbl_dl_hp_ppa_info_t_has_dl_module_id_1=no
ac_cv_lbl_flex_v24=yes
ac_cv_lbl_gcc_fixincludes=yes
ac_cv_lbl_gcc_vers=
ac_cv_lbl_has_sockaddr_storage=yes
ac_cv_lbl_inline=inline
ac_cv_lbl_septel_api=no
ac_cv_lbl_snf_api=no
ac_cv_lbl_sockaddr_has_sa_len=yes
ac_cv_lbl_unaligned_fail=yes
ac_cv_objext=o
ac_cv_path_EGREP='/usr/bin/grep -E'
ac_cv_path_GREP=/usr/bin/grep
ac_cv_path_install='/usr/bin/install -c'
ac_cv_prog_CC=/Applications/Xcode.app/Contents/Developer/usr/bin/gcc
ac_cv_prog_CPP='/Applications/Xcode.app/Contents/Developer/usr/bin/gcc -E'
ac_cv_prog_V_LEX=flex
ac_cv_prog_V_YACC=bison
ac_cv_prog_ac_ct_AR=ar
ac_cv_prog_ac_ct_RANLIB=ranlib
ac_cv_prog_cc_c89=
ac_cv_prog_cc_g=yes
ac_cv_search_gethostbyname='none required'
ac_cv_search_putmsg=no
ac_cv_search_socket='none required'
ac_cv_sys_file_offset_bits=no
ac_cv_sys_largefile_CC=no
ac_cv_sys_largefile_source=no
ac_cv_target=arm-apple-darwin
ac_cv_type_int16_t=yes
ac_cv_type_int32_t=yes
ac_cv_type_int64_t=yes
ac_cv_type_int8_t=yes
ac_cv_type_struct_BPF_TIMEVAL=yes
ac_cv_type_u_int16_t=yes
ac_cv_type_u_int32_t=yes
ac_cv_type_u_int64_t=yes
ac_cv_type_u_int8_t=yes

## ----------------- ##
## Output variables. ##
## ----------------- ##

ADDLARCHIVEOBJS=''
ADDLOBJS=''
AR='ar'
BT_SRC=''
CANUSB_SRC=''
CAN_SRC=''
CC='/Applications/Xcode.app/Contents/Developer/usr/bin/gcc'
CFLAGS='-g -O2'
CPP='/Applications/Xcode.app/Contents/Developer/usr/bin/gcc -E'
CPPFLAGS=''
DEFS='-DHAVE_CONFIG_H'
DYEXT='none'
ECHO_C='ECHO_N=''
ECHO_T=''
EGREP='/usr/bin/grep -E'
EXEEXT=''
GREP='/usr/bin/grep'
HAVE_LINUX_TPACKET_AUXDATA=''
INSTALL_DATA='${INSTALL} -m 644'
INSTALL_PROGRAM='${INSTALL}'
INSTALL_SCRIPT='${INSTALL}'
LDFLAGS=''
LIBOBJS=''
LIBS=''
LTLIBOBJS=''
MAN_FILE_FORMATS='5'
MAN_MISC_INFO='7'
NETFILTER_SRC=''
OBJEXT='o'
PACKAGE_BUGREPORT=''
PACKAGE_NAME=''
PACKAGE_STRING=''
PACKAGE_TARNAME=''
PACKAGE_VERSION=''
PATH_SEPARATOR=':'
PCAP_SUPPORT_BT=''
PCAP_SUPPORT_CAN=''
PCAP_SUPPORT_CANUSB=''
PCAP_SUPPORT_NETFILTER=''
PCAP_SUPPORT_USB=''
RANLIB='ranlib'
SHELL='/bin/sh'
SHLICC2=''
SSRC=''
USB_SRC=''
V_CCOPT='-O -fno-common'
V_DEFS=' -D_U_="__attribute__((unused))"'
V_FINDALLDEVS='getad'
V_INCLS=''
V_LEX='flex -Ppcap_'
V_PCAP='bpf'
V_RPATH_OPT=''
V_SHLIB_CMD='$(CC)'
V_SHLIB_OPT='-shared'
V_SONAME_OPT=''
V_YACC='bison -y -p pcap_'
ac_ct_CC=''
bindir='${exec_prefix}/bin'
build='x86_64-apple-darwin12.4.0'
build_alias=''
build_cpu='x86_64'
build_os='darwin12.4.0'
build_vendor='apple'
datadir='${datarootdir}'
datarootdir='${prefix}/share'
docdir='${datarootdir}/doc/${PACKAGE}'
dvidir='${docdir}'
exec_prefix='${prefix}'
host='arm-apple-darwin'
host_alias='arm-apple-darwin'
host_cpu='arm'
host_os='darwin'
host_vendor='apple'
htmldir='${docdir}'
includedir='${prefix}/include'
infodir='${datarootdir}/info'
libdir='${exec_prefix}/lib'
libexecdir='${exec_prefix}/libexec'
localedir='${datarootdir}/locale'
localstatedir='${prefix}/var'
mandir='${datarootdir}/man'
oldincludedir='/usr/include'
pdfdir='${docdir}'
prefix='/prog/libpcapForiOS/build/built/iPhoneOS7.1-arm64.sdk'
program_transform_name='s,x,x,'
psdir='${docdir}'
sbindir='${exec_prefix}/sbin'
sharedstatedir='${prefix}/com'
sysconfdir='${prefix}/etc'
target='arm-apple-darwin'
target_alias=''
target_cpu='arm'
target_os='darwin'
target_vendor='apple'

## ----------- ##
## confdefs.h. ##
## ----------- ##

#define PACKAGE_NAME ""
#define PACKAGE_TARNAME ""
#define PACKAGE_VERSION ""
#define PACKAGE_STRING ""
#define PACKAGE_BUGREPORT ""
#define inline inline
#define HAVE___ATTRIBUTE__ 1
#define STDC_HEADERS 1
#define HAVE_SYS_TYPES_H 1
#define HAVE_SYS_STAT_H 1
#define HAVE_STDLIB_H 1
#define HAVE_STRING_H 1
#define HAVE_MEMORY_H 1
#define HAVE_STRINGS_H 1
#define HAVE_INTTYPES_H 1
#define HAVE_STDINT_H 1
#define HAVE_UNISTD_H 1
#define HAVE_FSEEKO 1
#define HAVE_SYS_IOCCOM_H 1
#define HAVE_SYS_SOCKIO_H 1
#define HAVE_LIMITS_H 1
#define HAVE_PATHS_H 1
#define HAVE_NETINET_IF_ETHER_H 1
#define HAVE_STRERROR 1
#define HAVE_STRLCPY 1
#define HAVE_VSNPRINTF 1
#define HAVE_SNPRINTF 1
#define HAVE_ETHER_HOSTTON 1
#define NETINET_IF_ETHER_H_DECLARES_ETHER_HOSTTON
#define HAVE_DECL_ETHER_HOSTTON 1
#define HAVE_NET_IF_MEDIA_H 1
#define HAVE_STRUCT_BPF_TIMEVAL 1
#define HAVE_SOCKLEN_T 1
#define INET6 1
#define HAVE_SOCKADDR_SA_LEN 1
#define HAVE_SOCKADDR_STORAGE 1
#define LBL_ALIGN 1
#define HAVE_VERSION_H 1

configure: exit 0

## ---------------------- ##
## Running config.status. ##
## ---------------------- ##

This file was extended by config.status, which was
generated by GNU Autoconf 2.61.  Invocation command line was

  CONFIG_FILES    = 
  CONFIG_HEADERS  = 
  CONFIG_LINKS    = 
  CONFIG_COMMANDS = 
  $ ./config.status --file=pcap-config.tmp:./pcap-config.in

on decashui-Mac.local

config.status:651: creating pcap-config.tmp
